
*** Running vivado
    with args -log Top.vds -m64 -product Vivado -mode batch -messageDb vivado.pb -notrace -source Top.tcl


****** Vivado v2018.3 (64-bit)
  **** SW Build 2405991 on Thu Dec  6 23:38:27 MST 2018
  **** IP Build 2404404 on Fri Dec  7 01:43:56 MST 2018
    ** Copyright 1986-2018 Xilinx, Inc. All Rights Reserved.

source Top.tcl -notrace
Command: synth_design -top Top -part xc7z010clg400-1
Starting synth_design
Attempting to get a license for feature 'Synthesis' and/or device 'xc7z010'
INFO: [Common 17-349] Got license for feature 'Synthesis' and/or device 'xc7z010'
INFO: Launching helper process for spawning children vivado processes
INFO: Helper process launched with PID 16692 
---------------------------------------------------------------------------------
Starting RTL Elaboration : Time (s): cpu = 00:00:02 ; elapsed = 00:00:02 . Memory (MB): peak = 380.355 ; gain = 102.094
---------------------------------------------------------------------------------
INFO: [Synth 8-6157] synthesizing module 'Top' [D:/VerilogDesign/VGA_PIC_Show/VGA_PIC_Show.srcs/sources_1/new/Top.v:23]
INFO: [Synth 8-6157] synthesizing module 'clk_wiz_0' [D:/VerilogDesign/VGA_PIC_Show/VGA_PIC_Show.runs/synth_1/.Xil/Vivado-7144-LAPTOP-VAPUTUVT/realtime/clk_wiz_0_stub.v:5]
INFO: [Synth 8-6155] done synthesizing module 'clk_wiz_0' (1#1) [D:/VerilogDesign/VGA_PIC_Show/VGA_PIC_Show.runs/synth_1/.Xil/Vivado-7144-LAPTOP-VAPUTUVT/realtime/clk_wiz_0_stub.v:5]
INFO: [Synth 8-6157] synthesizing module 'VGA_Ctrl' [D:/VerilogDesign/VGA_PIC_Show/VGA_PIC_Show.srcs/sources_1/new/VGA_Ctrl.v:23]
	Parameter H_SYNC bound to: 10'b0001100000 
	Parameter H_BACK_LEFT bound to: 10'b0000110000 
	Parameter H_VALID bound to: 10'b1010000000 
	Parameter H_FRONT_RIGHT bound to: 10'b0000010000 
	Parameter H_TOTAL bound to: 10'b1100100000 
	Parameter V_SYNC bound to: 10'b0000000010 
	Parameter V_BACK_LEFT bound to: 10'b0000100001 
	Parameter V_VALID bound to: 10'b0111100000 
	Parameter V_RIGHT_FRONT bound to: 10'b0000001010 
	Parameter V_TOTAL bound to: 10'b1000001101 
	Parameter PIC_X_HIGH bound to: 10'b0111010110 
	Parameter PIC_X_LOW bound to: 10'b0010010110 
	Parameter PIC_Y_HIGH bound to: 10'b0101010100 
	Parameter PIC_Y_LOW bound to: 10'b0001100100 
	Parameter PIC_AREA bound to: 17'b10010110000000000 
INFO: [Synth 8-6155] done synthesizing module 'VGA_Ctrl' (2#1) [D:/VerilogDesign/VGA_PIC_Show/VGA_PIC_Show.srcs/sources_1/new/VGA_Ctrl.v:23]
INFO: [Synth 8-6157] synthesizing module 'frame_control' [D:/VerilogDesign/VGA_PIC_Show/VGA_PIC_Show.srcs/sources_1/new/frame_control.v:23]
	Parameter PIC_X_HIGH bound to: 10'b0111010110 
	Parameter PIC_X_LOW bound to: 10'b0010010110 
	Parameter PIC_AREA bound to: 17'b10010110000000000 
INFO: [Synth 8-6157] synthesizing module 'blk_mem_gen_0' [D:/VerilogDesign/VGA_PIC_Show/VGA_PIC_Show.runs/synth_1/.Xil/Vivado-7144-LAPTOP-VAPUTUVT/realtime/blk_mem_gen_0_stub.v:6]
INFO: [Synth 8-6155] done synthesizing module 'blk_mem_gen_0' (3#1) [D:/VerilogDesign/VGA_PIC_Show/VGA_PIC_Show.runs/synth_1/.Xil/Vivado-7144-LAPTOP-VAPUTUVT/realtime/blk_mem_gen_0_stub.v:6]
INFO: [Synth 8-6155] done synthesizing module 'frame_control' (4#1) [D:/VerilogDesign/VGA_PIC_Show/VGA_PIC_Show.srcs/sources_1/new/frame_control.v:23]
INFO: [Synth 8-6155] done synthesizing module 'Top' (5#1) [D:/VerilogDesign/VGA_PIC_Show/VGA_PIC_Show.srcs/sources_1/new/Top.v:23]
WARNING: [Synth 8-3331] design frame_control has unconnected port pos_y[9]
WARNING: [Synth 8-3331] design frame_control has unconnected port pos_y[8]
WARNING: [Synth 8-3331] design frame_control has unconnected port pos_y[7]
WARNING: [Synth 8-3331] design frame_control has unconnected port pos_y[6]
WARNING: [Synth 8-3331] design frame_control has unconnected port pos_y[5]
WARNING: [Synth 8-3331] design frame_control has unconnected port pos_y[4]
WARNING: [Synth 8-3331] design frame_control has unconnected port pos_y[3]
WARNING: [Synth 8-3331] design frame_control has unconnected port pos_y[2]
WARNING: [Synth 8-3331] design frame_control has unconnected port pos_y[1]
WARNING: [Synth 8-3331] design frame_control has unconnected port pos_y[0]
WARNING: [Synth 8-3331] design frame_control has unconnected port vga_data_valid
---------------------------------------------------------------------------------
Finished RTL Elaboration : Time (s): cpu = 00:00:02 ; elapsed = 00:00:03 . Memory (MB): peak = 436.805 ; gain = 158.543
---------------------------------------------------------------------------------

Report Check Netlist: 
+------+------------------+-------+---------+-------+------------------+
|      |Item              |Errors |Warnings |Status |Description       |
+------+------------------+-------+---------+-------+------------------+
|1     |multi_driven_nets |      0|        0|Passed |Multi driven nets |
+------+------------------+-------+---------+-------+------------------+
---------------------------------------------------------------------------------
Start Handling Custom Attributes
---------------------------------------------------------------------------------
---------------------------------------------------------------------------------
Finished Handling Custom Attributes : Time (s): cpu = 00:00:02 ; elapsed = 00:00:03 . Memory (MB): peak = 436.805 ; gain = 158.543
---------------------------------------------------------------------------------
---------------------------------------------------------------------------------
Finished RTL Optimization Phase 1 : Time (s): cpu = 00:00:02 ; elapsed = 00:00:03 . Memory (MB): peak = 436.805 ; gain = 158.543
---------------------------------------------------------------------------------
INFO: [Device 21-403] Loading part xc7z010clg400-1
INFO: [Project 1-570] Preparing netlist for logic optimization

Processing XDC Constraints
Initializing timing engine
Parsing XDC File [d:/VerilogDesign/VGA_PIC_Show/VGA_PIC_Show.srcs/sources_1/ip/clk_wiz_0/clk_wiz_0/clk_wiz_0_in_context.xdc] for cell 'u0_clk'
Finished Parsing XDC File [d:/VerilogDesign/VGA_PIC_Show/VGA_PIC_Show.srcs/sources_1/ip/clk_wiz_0/clk_wiz_0/clk_wiz_0_in_context.xdc] for cell 'u0_clk'
Parsing XDC File [d:/VerilogDesign/VGA_PIC_Show/VGA_PIC_Show.srcs/sources_1/ip/blk_mem_gen_0/blk_mem_gen_0/blk_mem_gen_0_in_context.xdc] for cell 'u0_frame_control/u0_mem'
Finished Parsing XDC File [d:/VerilogDesign/VGA_PIC_Show/VGA_PIC_Show.srcs/sources_1/ip/blk_mem_gen_0/blk_mem_gen_0/blk_mem_gen_0_in_context.xdc] for cell 'u0_frame_control/u0_mem'
Parsing XDC File [D:/VerilogDesign/VGA_PIC_Show/VGA_PIC_Show.srcs/constrs_1/new/vgademo.xdc]
Finished Parsing XDC File [D:/VerilogDesign/VGA_PIC_Show/VGA_PIC_Show.srcs/constrs_1/new/vgademo.xdc]
INFO: [Project 1-236] Implementation specific constraints were found while reading constraint file [D:/VerilogDesign/VGA_PIC_Show/VGA_PIC_Show.srcs/constrs_1/new/vgademo.xdc]. These constraints will be ignored for synthesis but will be used in implementation. Impacted constraints are listed in the file [.Xil/Top_propImpl.xdc].
Resolution: To avoid this warning, move constraints listed in [.Xil/Top_propImpl.xdc] to another XDC file and exclude this new file from synthesis with the used_in_synthesis property (File Properties dialog in GUI) and re-run elaboration/synthesis.
Netlist sorting complete. Time (s): cpu = 00:00:00 ; elapsed = 00:00:00 . Memory (MB): peak = 769.086 ; gain = 0.000
Completed Processing XDC Constraints

Netlist sorting complete. Time (s): cpu = 00:00:00 ; elapsed = 00:00:00 . Memory (MB): peak = 769.086 ; gain = 0.000
INFO: [Project 1-111] Unisim Transformation Summary:
No Unisim elements were transformed.

Netlist sorting complete. Time (s): cpu = 00:00:00 ; elapsed = 00:00:00 . Memory (MB): peak = 769.086 ; gain = 0.000
Constraint Validation Runtime : Time (s): cpu = 00:00:00 ; elapsed = 00:00:00.003 . Memory (MB): peak = 769.086 ; gain = 0.000
---------------------------------------------------------------------------------
Finished Constraint Validation : Time (s): cpu = 00:00:09 ; elapsed = 00:00:10 . Memory (MB): peak = 769.086 ; gain = 490.824
---------------------------------------------------------------------------------
---------------------------------------------------------------------------------
Start Loading Part and Timing Information
---------------------------------------------------------------------------------
Loading part: xc7z010clg400-1
---------------------------------------------------------------------------------
Finished Loading Part and Timing Information : Time (s): cpu = 00:00:09 ; elapsed = 00:00:10 . Memory (MB): peak = 769.086 ; gain = 490.824
---------------------------------------------------------------------------------
---------------------------------------------------------------------------------
Start Applying 'set_property' XDC Constraints
---------------------------------------------------------------------------------
Applied set_property IO_BUFFER_TYPE = NONE for sys_clk. (constraint file  d:/VerilogDesign/VGA_PIC_Show/VGA_PIC_Show.srcs/sources_1/ip/clk_wiz_0/clk_wiz_0/clk_wiz_0_in_context.xdc, line 3).
Applied set_property CLOCK_BUFFER_TYPE = NONE for sys_clk. (constraint file  d:/VerilogDesign/VGA_PIC_Show/VGA_PIC_Show.srcs/sources_1/ip/clk_wiz_0/clk_wiz_0/clk_wiz_0_in_context.xdc, line 4).
Applied set_property DONT_TOUCH = true for u0_clk. (constraint file  auto generated constraint, line ).
Applied set_property DONT_TOUCH = true for u0_frame_control/u0_mem. (constraint file  auto generated constraint, line ).
---------------------------------------------------------------------------------
Finished applying 'set_property' XDC Constraints : Time (s): cpu = 00:00:09 ; elapsed = 00:00:10 . Memory (MB): peak = 769.086 ; gain = 490.824
---------------------------------------------------------------------------------
INFO: [Synth 8-5546] ROM "v_cnt" won't be mapped to RAM because it is too sparse
INFO: [Synth 8-5546] ROM "addrabackup" won't be mapped to RAM because it is too sparse
---------------------------------------------------------------------------------
Finished RTL Optimization Phase 2 : Time (s): cpu = 00:00:09 ; elapsed = 00:00:10 . Memory (MB): peak = 769.086 ; gain = 490.824
---------------------------------------------------------------------------------

Report RTL Partitions: 
+-+--------------+------------+----------+
| |RTL Partition |Replication |Instances |
+-+--------------+------------+----------+
+-+--------------+------------+----------+
---------------------------------------------------------------------------------
Start RTL Component Statistics 
---------------------------------------------------------------------------------
Detailed RTL Component Info : 
+---Adders : 
	   2 Input     17 Bit       Adders := 1     
	   2 Input     10 Bit       Adders := 4     
+---Registers : 
	               17 Bit    Registers := 2     
	               10 Bit    Registers := 2     
+---Muxes : 
	   2 Input     17 Bit        Muxes := 3     
	   2 Input     12 Bit        Muxes := 1     
	   2 Input     10 Bit        Muxes := 1     
	   3 Input      1 Bit        Muxes := 1     
	   5 Input      1 Bit        Muxes := 1     
---------------------------------------------------------------------------------
Finished RTL Component Statistics 
---------------------------------------------------------------------------------
---------------------------------------------------------------------------------
Start RTL Hierarchical Component Statistics 
---------------------------------------------------------------------------------
Hierarchical RTL Component report 
Module VGA_Ctrl 
Detailed RTL Component Info : 
+---Adders : 
	   2 Input     10 Bit       Adders := 4     
+---Registers : 
	               10 Bit    Registers := 2     
+---Muxes : 
	   2 Input     12 Bit        Muxes := 1     
	   2 Input     10 Bit        Muxes := 1     
	   3 Input      1 Bit        Muxes := 1     
Module frame_control 
Detailed RTL Component Info : 
+---Adders : 
	   2 Input     17 Bit       Adders := 1     
+---Registers : 
	               17 Bit    Registers := 2     
+---Muxes : 
	   2 Input     17 Bit        Muxes := 3     
	   5 Input      1 Bit        Muxes := 1     
---------------------------------------------------------------------------------
Finished RTL Hierarchical Component Statistics
---------------------------------------------------------------------------------
---------------------------------------------------------------------------------
Start Part Resource Summary
---------------------------------------------------------------------------------
Part Resources:
DSPs: 80 (col length:40)
BRAMs: 120 (col length: RAMB18 40 RAMB36 20)
---------------------------------------------------------------------------------
Finished Part Resource Summary
---------------------------------------------------------------------------------
---------------------------------------------------------------------------------
Start Cross Boundary and Area Optimization
---------------------------------------------------------------------------------
Warning: Parallel synthesis criteria is not met 
---------------------------------------------------------------------------------
Finished Cross Boundary and Area Optimization : Time (s): cpu = 00:00:10 ; elapsed = 00:00:11 . Memory (MB): peak = 769.086 ; gain = 490.824
---------------------------------------------------------------------------------

Report RTL Partitions: 
+-+--------------+------------+----------+
| |RTL Partition |Replication |Instances |
+-+--------------+------------+----------+
+-+--------------+------------+----------+
---------------------------------------------------------------------------------
Start Applying XDC Timing Constraints
---------------------------------------------------------------------------------
INFO: [Synth 8-5578] Moved timing constraint from pin 'u0_clk/clk_out1' to pin 'u0_clk/bbstub_clk_out1/O'
INFO: [Synth 8-5819] Moved 1 constraints on hierarchical pins to their respective driving/loading pins
---------------------------------------------------------------------------------
Finished Applying XDC Timing Constraints : Time (s): cpu = 00:00:16 ; elapsed = 00:00:17 . Memory (MB): peak = 769.086 ; gain = 490.824
---------------------------------------------------------------------------------
---------------------------------------------------------------------------------
Start Timing Optimization
---------------------------------------------------------------------------------
---------------------------------------------------------------------------------
Finished Timing Optimization : Time (s): cpu = 00:00:17 ; elapsed = 00:00:18 . Memory (MB): peak = 789.742 ; gain = 511.480
---------------------------------------------------------------------------------

Report RTL Partitions: 
+-+--------------+------------+----------+
| |RTL Partition |Replication |Instances |
+-+--------------+------------+----------+
+-+--------------+------------+----------+
---------------------------------------------------------------------------------
Start Technology Mapping
---------------------------------------------------------------------------------
---------------------------------------------------------------------------------
Finished Technology Mapping : Time (s): cpu = 00:00:17 ; elapsed = 00:00:18 . Memory (MB): peak = 795.797 ; gain = 517.535
---------------------------------------------------------------------------------

Report RTL Partitions: 
+-+--------------+------------+----------+
| |RTL Partition |Replication |Instances |
+-+--------------+------------+----------+
+-+--------------+------------+----------+
---------------------------------------------------------------------------------
Start IO Insertion
---------------------------------------------------------------------------------
---------------------------------------------------------------------------------
Start Flattening Before IO Insertion
---------------------------------------------------------------------------------
---------------------------------------------------------------------------------
Finished Flattening Before IO Insertion
---------------------------------------------------------------------------------
---------------------------------------------------------------------------------
Start Final Netlist Cleanup
---------------------------------------------------------------------------------
---------------------------------------------------------------------------------
Finished Final Netlist Cleanup
---------------------------------------------------------------------------------
---------------------------------------------------------------------------------
Finished IO Insertion : Time (s): cpu = 00:00:18 ; elapsed = 00:00:19 . Memory (MB): peak = 795.797 ; gain = 517.535
---------------------------------------------------------------------------------

Report Check Netlist: 
+------+------------------+-------+---------+-------+------------------+
|      |Item              |Errors |Warnings |Status |Description       |
+------+------------------+-------+---------+-------+------------------+
|1     |multi_driven_nets |      0|        0|Passed |Multi driven nets |
+------+------------------+-------+---------+-------+------------------+
---------------------------------------------------------------------------------
Start Renaming Generated Instances
---------------------------------------------------------------------------------
---------------------------------------------------------------------------------
Finished Renaming Generated Instances : Time (s): cpu = 00:00:18 ; elapsed = 00:00:19 . Memory (MB): peak = 795.797 ; gain = 517.535
---------------------------------------------------------------------------------

Report RTL Partitions: 
+-+--------------+------------+----------+
| |RTL Partition |Replication |Instances |
+-+--------------+------------+----------+
+-+--------------+------------+----------+
---------------------------------------------------------------------------------
Start Rebuilding User Hierarchy
---------------------------------------------------------------------------------
---------------------------------------------------------------------------------
Finished Rebuilding User Hierarchy : Time (s): cpu = 00:00:18 ; elapsed = 00:00:19 . Memory (MB): peak = 795.797 ; gain = 517.535
---------------------------------------------------------------------------------
---------------------------------------------------------------------------------
Start Renaming Generated Ports
---------------------------------------------------------------------------------
---------------------------------------------------------------------------------
Finished Renaming Generated Ports : Time (s): cpu = 00:00:18 ; elapsed = 00:00:19 . Memory (MB): peak = 795.797 ; gain = 517.535
---------------------------------------------------------------------------------
---------------------------------------------------------------------------------
Start Handling Custom Attributes
---------------------------------------------------------------------------------
---------------------------------------------------------------------------------
Finished Handling Custom Attributes : Time (s): cpu = 00:00:18 ; elapsed = 00:00:19 . Memory (MB): peak = 795.797 ; gain = 517.535
---------------------------------------------------------------------------------
---------------------------------------------------------------------------------
Start Renaming Generated Nets
---------------------------------------------------------------------------------
---------------------------------------------------------------------------------
Finished Renaming Generated Nets : Time (s): cpu = 00:00:18 ; elapsed = 00:00:19 . Memory (MB): peak = 795.797 ; gain = 517.535
---------------------------------------------------------------------------------
---------------------------------------------------------------------------------
Start Writing Synthesis Report
---------------------------------------------------------------------------------

Report BlackBoxes: 
+------+--------------+----------+
|      |BlackBox name |Instances |
+------+--------------+----------+
|1     |clk_wiz_0     |         1|
|2     |blk_mem_gen_0 |         1|
+------+--------------+----------+

Report Cell Usage: 
+------+--------------+------+
|      |Cell          |Count |
+------+--------------+------+
|1     |blk_mem_gen_0 |     1|
|2     |clk_wiz_0     |     1|
|3     |CARRY4        |     4|
|4     |LUT1          |     2|
|5     |LUT2          |    28|
|6     |LUT3          |     5|
|7     |LUT4          |    15|
|8     |LUT5          |    22|
|9     |LUT6          |    48|
|10    |FDCE          |    54|
|11    |IBUF          |     1|
|12    |OBUF          |    14|
+------+--------------+------+

Report Instance Areas: 
+------+-------------------+--------------+------+
|      |Instance           |Module        |Cells |
+------+-------------------+--------------+------+
|1     |top                |              |   207|
|2     |  u0_VGA_Ctrl      |VGA_Ctrl      |   118|
|3     |  u0_frame_control |frame_control |    72|
+------+-------------------+--------------+------+
---------------------------------------------------------------------------------
Finished Writing Synthesis Report : Time (s): cpu = 00:00:18 ; elapsed = 00:00:19 . Memory (MB): peak = 795.797 ; gain = 517.535
---------------------------------------------------------------------------------
Synthesis finished with 0 errors, 0 critical warnings and 0 warnings.
Synthesis Optimization Runtime : Time (s): cpu = 00:00:11 ; elapsed = 00:00:14 . Memory (MB): peak = 795.797 ; gain = 185.254
Synthesis Optimization Complete : Time (s): cpu = 00:00:18 ; elapsed = 00:00:19 . Memory (MB): peak = 795.797 ; gain = 517.535
INFO: [Project 1-571] Translating synthesized netlist
INFO: [Netlist 29-17] Analyzing 4 Unisim elements for replacement
INFO: [Netlist 29-28] Unisim Transformation completed in 0 CPU seconds
INFO: [Project 1-570] Preparing netlist for logic optimization
INFO: [Opt 31-138] Pushed 0 inverter(s) to 0 load pin(s).
Netlist sorting complete. Time (s): cpu = 00:00:00 ; elapsed = 00:00:00 . Memory (MB): peak = 795.797 ; gain = 0.000
INFO: [Project 1-111] Unisim Transformation Summary:
No Unisim elements were transformed.

INFO: [Common 17-83] Releasing license: Synthesis
26 Infos, 11 Warnings, 0 Critical Warnings and 0 Errors encountered.
synth_design completed successfully
synth_design: Time (s): cpu = 00:00:20 ; elapsed = 00:00:21 . Memory (MB): peak = 795.797 ; gain = 523.094
Netlist sorting complete. Time (s): cpu = 00:00:00 ; elapsed = 00:00:00 . Memory (MB): peak = 795.797 ; gain = 0.000
WARNING: [Constraints 18-5210] No constraints selected for write.
Resolution: This message can indicate that there are no constraints for the design, or it can indicate that the used_in flags are set such that the constraints are ignored. This later case is used when running synth_design to not write synthesis constraints to the resulting checkpoint. Instead, project constraints are read when the synthesized design is opened.
INFO: [Common 17-1381] The checkpoint 'D:/VerilogDesign/VGA_PIC_Show/VGA_PIC_Show.runs/synth_1/Top.dcp' has been generated.
INFO: [runtcl-4] Executing : report_utilization -file Top_utilization_synth.rpt -pb Top_utilization_synth.pb
INFO: [Common 17-206] Exiting Vivado at Thu Sep 23 20:33:51 2021...
